
C:\Users\USER\OneDrive\Desktop\PET_CARE_SYSTEM\backend>FOR /F "usebackq tokens=1,2 delims==" %A IN ("C:\Users\USER\OneDrive\Desktop\PET_CARE_SYSTEM\backend\\.mvn\wrapper\maven-wrapper.properties") DO (IF "%A" == "wrapperUrl" SET DOWNLOAD_URL=%B ) 

C:\Users\USER\OneDrive\Desktop\PET_CARE_SYSTEM\backend>(IF "distributionUrl" == "wrapperUrl" SET DOWNLOAD_URL=https://repo.maven.apache.org/maven2/org/apache/maven/apache-maven/3.9.6/apache-maven-3.9.6-bin.zip ) 

C:\Users\USER\OneDrive\Desktop\PET_CARE_SYSTEM\backend>(IF "wrapperUrl" == "wrapperUrl" SET DOWNLOAD_URL=https://repo.maven.apache.org/maven2/org/apache/maven/wrapper/maven-wrapper/3.3.1/maven-wrapper-3.3.1.jar ) 

C:\Users\USER\OneDrive\Desktop\PET_CARE_SYSTEM\backend>"java.exe"      "--add-opens=java.base/java.lang=ALL-UNNAMED"   "--add-opens=java.base/java.io=ALL-UNNAMED"   "--add-opens=java.base/java.util=ALL-UNNAMED"   "--add-opens=java.base/java.net=ALL-UNNAMED"   "-Dmaven.multiModuleProjectDirectory=C:\Users\USER\OneDrive\Desktop\PET_CARE_SYSTEM\backend\."   -classpath "C:\Users\USER\OneDrive\Desktop\PET_CARE_SYSTEM\backend\\.mvn\wrapper\maven-wrapper.jar"   org.apache.maven.wrapper.MavenWrapperMain clean compile spring-boot:run 
[INFO] Scanning for projects...
[INFO] 
[INFO] ------------------------< com.petcare:backend >-------------------------
[INFO] Building backend 0.0.1-SNAPSHOT
[INFO]   from pom.xml
[INFO] --------------------------------[ jar ]---------------------------------
[INFO] 
[INFO] --- clean:3.5.0:clean (default-clean) @ backend ---
[INFO] Deleting C:\Users\USER\OneDrive\Desktop\PET_CARE_SYSTEM\backend\target
[INFO] ------------------------------------------------------------------------
[INFO] BUILD FAILURE
[INFO] ------------------------------------------------------------------------
[INFO] Total time:  2.473 s
[INFO] Finished at: 2026-03-21T11:21:39+05:30
[INFO] ------------------------------------------------------------------------
[ERROR] Failed to execute goal org.apache.maven.plugins:maven-clean-plugin:3.5.0:clean (default-clean) on project backend: Failed to clean project: Failed to delete C:\Users\USER\OneDrive\Desktop\PET_CARE_SYSTEM\backend\target\classes\com\petcare\backend\controller -> [Help 1]
[ERROR] 
[ERROR] To see the full stack trace of the errors, re-run Maven with the -e switch.
[ERROR] Re-run Maven using the -X switch to enable full debug logging.
[ERROR] 
[ERROR] For more information about the errors and possible solutions, please read the following articles:
[ERROR] [Help 1] http://cwiki.apache.org/confluence/display/MAVEN/MojoExecutionException
